[  244637ms] [ERROR] Error fetching feature announcements: TypeError: Failed to fetch (www.firecrawl.dev)
    at https://www.firecrawl.dev/_next/static/chunks/8423805aeea9ba18.js?dpl=dpl_AesvS7Bj7aS6SyH8GTMJwKFH9Ykw:19:1815
    at n (https://www.firecrawl.dev/_next/static/chunks/122461513c9d7208.js?dpl=dpl_AesvS7Bj7aS6SyH8GTMJwKFH9Ykw:7:115166)
    at j (https://www.firecrawl.dev/_next/static/chunks/122461513c9d7208.js?dpl=dpl_AesvS7Bj7aS6SyH8GTMJwKFH9Ykw:7:168027)
    at https://www.firecrawl.dev/_next/static/chunks/122461513c9d7208.js?dpl=dpl_AesvS7Bj7aS6SyH8GTMJwKFH9Ykw:7:168518
    at sm (https://www.firecrawl.dev/_next/static/chunks/8423805aeea9ba18.js?dpl=dpl_AesvS7Bj7aS6SyH8GTMJwKFH9Ykw:496:123390)
    at ld (https://www.firecrawl.dev/_next/static/chunks/8423805aeea9ba18.js?dpl=dpl_AesvS7Bj7aS6SyH8GTMJwKFH9Ykw:496:147240)
    at lc (https://www.firecrawl.dev/_next/static/chunks/8423805aeea9ba18.js?dpl=dpl_AesvS7Bj7aS6SyH8GTMJwKFH9Ykw:496:146902)
    at ld (https://www.firecrawl.dev/_next/static/chunks/8423805aeea9ba18.js?dpl=dpl_AesvS7Bj7aS6SyH8GTMJwKFH9Ykw:496:147285)
    at lc (https://www.firecrawl.dev/_next/static/chunks/8423805aeea9ba18.js?dpl=dpl_AesvS7Bj7aS6SyH8GTMJwKFH9Ykw:496:146902)
    at ld (https://www.firecrawl.dev/_next/static/chunks/8423805aeea9ba18.js?dpl=dpl_AesvS7Bj7aS6SyH8GTMJwKFH9Ykw:496:147285)
    at lc (https://www.firecrawl.dev/_next/static/chunks/8423805aeea9ba18.js?dpl=dpl_AesvS7Bj7aS6SyH8GTMJwKFH9Ykw:496:146902)
    at ld (https://www.firecrawl.dev/_next/static/chunks/8423805aeea9ba18.js?dpl=dpl_AesvS7Bj7aS6SyH8GTMJwKFH9Ykw:496:147220)
    at lc (https://www.firecrawl.dev/_next/static/chunks/8423805aeea9ba18.js?dpl=dpl_AesvS7Bj7aS6SyH8GTMJwKFH9Ykw:496:146902)
    at ld (https://www.firecrawl.dev/_next/static/chunks/8423805aeea9ba18.js?dpl=dpl_AesvS7Bj7aS6SyH8GTMJwKFH9Ykw:496:147220)
    at lc (https://www.firecrawl.dev/_next/static/chunks/8423805aeea9ba18.js?dpl=dpl_AesvS7Bj7aS6SyH8GTMJwKFH9Ykw:496:146902)
    at ld (https://www.firecrawl.dev/_next/static/chunks/8423805aeea9ba18.js?dpl=dpl_AesvS7Bj7aS6SyH8GTMJwKFH9Ykw:496:147285)
    at lc (https://www.firecrawl.dev/_next/static/chunks/8423805aeea9ba18.js?dpl=dpl_AesvS7Bj7aS6SyH8GTMJwKFH9Ykw:496:146902)
    at ld (https://www.firecrawl.dev/_next/static/chunks/8423805aeea9ba18.js?dpl=dpl_AesvS7Bj7aS6SyH8GTMJwKFH9Ykw:496:147220)
    at lc (https://www.firecrawl.dev/_next/static/chunks/8423805aeea9ba18.js?dpl=dpl_AesvS7Bj7aS6SyH8GTMJwKFH9Ykw:496:146902)
    at ld (https://www.firecrawl.dev/_next/static/chunks/8423805aeea9ba18.js?dpl=dpl_AesvS7Bj7aS6SyH8GTMJwKFH9Ykw:496:147220)
    at lc (https://www.firecrawl.dev/_next/static/chunks/8423805aeea9ba18.js?dpl=dpl_AesvS7Bj7aS6SyH8GTMJwKFH9Ykw:496:146902)
    at ld (https://www.firecrawl.dev/_next/static/chunks/8423805aeea9ba18.js?dpl=dpl_AesvS7Bj7aS6SyH8GTMJwKFH9Ykw:496:147285)
    at lc (https://www.firecrawl.dev/_next/static/chunks/8423805aeea9ba18.js?dpl=dpl_AesvS7Bj7aS6SyH8GTMJwKFH9Ykw:496:146902)
    at ld (https://www.firecrawl.dev/_next/static/chunks/8423805aeea9ba18.js?dpl=dpl_AesvS7Bj7aS6SyH8GTMJwKFH9Ykw:496:147285)
    at lc (https://www.firecrawl.dev/_next/static/chunks/8423805aeea9ba18.js?dpl=dpl_AesvS7Bj7aS6SyH8GTMJwKFH9Ykw:496:146902)
    at ld (https://www.firecrawl.dev/_next/static/chunks/8423805aeea9ba18.js?dpl=dpl_AesvS7Bj7aS6SyH8GTMJwKFH9Ykw:496:147285)
    at lc (https://www.firecrawl.dev/_next/static/chunks/8423805aeea9ba18.js?dpl=dpl_AesvS7Bj7aS6SyH8GTMJwKFH9Ykw:496:146902)
    at ld (https://www.firecrawl.dev/_next/static/chunks/8423805aeea9ba18.js?dpl=dpl_AesvS7Bj7aS6SyH8GTMJwKFH9Ykw:496:147220)
    at lc (https://www.firecrawl.dev/_next/static/chunks/8423805aeea9ba18.js?dpl=dpl_AesvS7Bj7aS6SyH8GTMJwKFH9Ykw:496:146902)
    at ld (https://www.firecrawl.dev/_next/static/chunks/8423805aeea9ba18.js?dpl=dpl_AesvS7Bj7aS6SyH8GTMJwKFH9Ykw:496:147285)
    at lc (https://www.firecrawl.dev/_next/static/chunks/8423805aeea9ba18.js?dpl=dpl_AesvS7Bj7aS6SyH8GTMJwKFH9Ykw:496:146902)
    at ld (https://www.firecrawl.dev/_next/static/chunks/8423805aeea9ba18.js?dpl=dpl_AesvS7Bj7aS6SyH8GTMJwKFH9Ykw:496:147220)
    at lc (https://www.firecrawl.dev/_next/static/chunks/8423805aeea9ba18.js?dpl=dpl_AesvS7Bj7aS6SyH8GTMJwKFH9Ykw:496:146902)
    at ld (https://www.firecrawl.dev/_next/static/chunks/8423805aeea9ba18.js?dpl=dpl_AesvS7Bj7aS6SyH8GTMJwKFH9Ykw:496:147285)
    at lc (https://www.firecrawl.dev/_next/static/chunks/8423805aeea9ba18.js?dpl=dpl_AesvS7Bj7aS6SyH8GTMJwKFH9Ykw:496:146902)
    at ld (https://www.firecrawl.dev/_next/static/chunks/8423805aeea9ba18.js?dpl=dpl_AesvS7Bj7aS6SyH8GTMJwKFH9Ykw:496:147220)
    at lc (https://www.firecrawl.dev/_next/static/chunks/8423805aeea9ba18.js?dpl=dpl_AesvS7Bj7aS6SyH8GTMJwKFH9Ykw:496:146902)
    at ld (https://www.firecrawl.dev/_next/static/chunks/8423805aeea9ba18.js?dpl=dpl_AesvS7Bj7aS6SyH8GTMJwKFH9Ykw:496:147220)
    at lc (https://www.firecrawl.dev/_next/static/chunks/8423805aeea9ba18.js?dpl=dpl_AesvS7Bj7aS6SyH8GTMJwKFH9Ykw:496:146902)
    at ld (https://www.firecrawl.dev/_next/static/chunks/8423805aeea9ba18.js?dpl=dpl_AesvS7Bj7aS6SyH8GTMJwKFH9Ykw:496:147285)
    at lc (https://www.firecrawl.dev/_next/static/chunks/8423805aeea9ba18.js?dpl=dpl_AesvS7Bj7aS6SyH8GTMJwKFH9Ykw:496:146902)
    at ld (https://www.firecrawl.dev/_next/static/chunks/8423805aeea9ba18.js?dpl=dpl_AesvS7Bj7aS6SyH8GTMJwKFH9Ykw:496:147220)
    at lc (https://www.firecrawl.dev/_next/static/chunks/8423805aeea9ba18.js?dpl=dpl_AesvS7Bj7aS6SyH8GTMJwKFH9Ykw:496:146902)
    at ld (https://www.firecrawl.dev/_next/static/chunks/8423805aeea9ba18.js?dpl=dpl_AesvS7Bj7aS6SyH8GTMJwKFH9Ykw:496:147285)
    at lc (https://www.firecrawl.dev/_next/static/chunks/8423805aeea9ba18.js?dpl=dpl_AesvS7Bj7aS6SyH8GTMJwKFH9Ykw:496:146902)
    at ld (https://www.firecrawl.dev/_next/static/chunks/8423805aeea9ba18.js?dpl=dpl_AesvS7Bj7aS6SyH8GTMJwKFH9Ykw:496:147220)
    at lc (https://www.firecrawl.dev/_next/static/chunks/8423805aeea9ba18.js?dpl=dpl_AesvS7Bj7aS6SyH8GTMJwKFH9Ykw:496:146902)
    at ld (https://www.firecrawl.dev/_next/static/chunks/8423805aeea9ba18.js?dpl=dpl_AesvS7Bj7aS6SyH8GTMJwKFH9Ykw:496:147220)
    at lc (https://www.firecrawl.dev/_next/static/chunks/8423805aeea9ba18.js?dpl=dpl_AesvS7Bj7aS6SyH8GTMJwKFH9Ykw:496:146902)
    at ld (https://www.firecrawl.dev/_next/static/chunks/8423805aeea9ba18.js?dpl=dpl_AesvS7Bj7aS6SyH8GTMJwKFH9Ykw:496:147285) @ https://www.firecrawl.dev/_next/static/chunks/8423805aeea9ba18.js?dpl=dpl_AesvS7Bj7aS6SyH8GTMJwKFH9Ykw:18
[  244638ms] [ERROR] [useUpgradePrompt] Error checking eligibility: TypeError: Failed to fetch
    at https://www.firecrawl.dev/_next/static/chunks/8423805aeea9ba18.js?dpl=dpl_AesvS7Bj7aS6SyH8GTMJwKFH9Ykw:19:1815
    at O (https://www.firecrawl.dev/_next/static/chunks/6177bdd2220f089d.js?dpl=dpl_AesvS7Bj7aS6SyH8GTMJwKFH9Ykw:2:75724) @ https://www.firecrawl.dev/_next/static/chunks/8423805aeea9ba18.js?dpl=dpl_AesvS7Bj7aS6SyH8GTMJwKFH9Ykw:18
